[website4023744.nicepage.io/indexf9c4.html]
[backblue.gif]
[fade.gif]
[index.html]
[website4023744.nicepage.io/TEAMO.css]
[capp.nicepage.com/2da30e5c652d509759c36b737b78368cdaee2bb8/nicepage.css]
[assets.nicepagecdn.com/d55a4beb/4023744/images/Pngtreecutegray-brownlittlemouseclipart_5701526.png]
[capp.nicepage.com/assets/jquery-3.5.1.min.js]
[capp.nicepage.com/2da30e5c652d509759c36b737b78368cdaee2bb8/nicepage.js]
[website4023744.nicepage.io/nicepage-site.css]
[website4023744.nicepage.io/index.html]
[website4023744.nicepage.io/blog/blog.6.delayed]
[website4023744.nicepage.io/indexf9c4.html]
[capp.nicepage.com/2da30e5c652d509759c36b737b78368cdaee2bb8/nicepage.css]
[website4023744.nicepage.io/nicepage-site.css]
[website4023744.nicepage.io/TEAMO.css]
[capp.nicepage.com/2da30e5c652d509759c36b737b78368cdaee2bb8/nicepage.js]
[website4023744.nicepage.io/index.html]
[website4023744.nicepage.io/blog/blog.html]
[website4023744.nicepage.io/Content/BundledScripts/index.html]
[website4023744.nicepage.io/Content/BundledScripts/index.html]
[website4023744.nicepage.io/ABCDEFGHIJKLMNOPQRSTUVWXYZabcdefghijklmnopqrstuvwxyz0123456789+/index.html]
[website4023744.nicepage.io/ABCDEFGHIJKLMNOPQRSTUVWXYZabcdefghijklmnopqrstuvwxyz0123456789+/index.html]
